Sa 22. Jul 14:15:21 CEST 2017 Alarm initiated and activated!
Sa 22. Jul 14:15:21 CEST 2017 Door closed.
Sa 22. Jul 14:15:32 CEST 2017 Alarm deactivated for 30.
Sa 22. Jul 14:22:01 CEST 2017 Alarm initiated and activated!
Sa 22. Jul 14:22:01 CEST 2017 Alarm deactivated for 120.
Sa 22. Jul 14:22:01 CEST 2017 Door closed.
Sa 22. Jul 14:24:07 CEST 2017 Alarm activated!
Sa 22. Jul 14:33:07 CEST 2017 Alarm deactivated for 60.
Sa 22. Jul 14:34:12 CEST 2017 Alarm activated!
Sa 22. Jul 14:34:47 CEST 2017 Alarm deactivated for 240.
Sa 22. Jul 14:42:11 CEST 2017 Alarm initiated and activated!
Sa 22. Jul 14:42:11 CEST 2017 Door closed.
Sa 22. Jul 14:42:11 CEST 2017 Alarm deactivated for 240.
Sa 22. Jul 14:43:42 CEST 2017 Alarm activated!
Sa 22. Jul 15:12:32 CEST 2017 Door opened.
Sa 22. Jul 15:12:40 CEST 2017 Door closed.
Sa 22. Jul 15:58:14 CEST 2017 Door opened.
Sa 22. Jul 15:58:21 CEST 2017 Door closed.
Sa 22. Jul 16:52:23 CEST 2017 Alarm initiated and activated!
Sa 22. Jul 16:52:23 CEST 2017 Alarm deactivated for 30 seconds.
Sa 22. Jul 16:52:23 CEST 2017 Door closed.
Sa 22. Jul 16:52:56 CEST 2017 Alarm activated!
Sa 22. Jul 16:53:57 CEST 2017 Alarm deactivated for 30 seconds.
Sa 22. Jul 16:54:12 CEST 2017 Alarm deactivated for 60 seconds.
Sa 22. Jul 16:54:26 CEST 2017 Alarm deactivated for 120 seconds.
Sa 22. Jul 16:56:03 CEST 2017 Alarm activated!
Sa 22. Jul 16:58:00 CEST 2017 Alarm deactivated for 240 seconds.
Sa 22. Jul 16:58:12 CEST 2017 Alarm deactivated for 120 seconds.
Sa 22. Jul 16:58:25 CEST 2017 Alarm deactivated for 60 seconds.
Sa 22. Jul 16:59:04 CEST 2017 Alarm activated!
Sa 22. Jul 17:06:29 CEST 2017 Alarm initiated and activated!
Sa 22. Jul 17:06:29 CEST 2017 Door closed.
Sa 22. Jul 17:16:28 CEST 2017 Alarm initiated and activated!
Sa 22. Jul 17:16:28 CEST 2017 Alarm deactivated for 30 seconds.
Sa 22. Jul 17:16:28 CEST 2017 Door closed.
Sa 22. Jul 17:17:00 CEST 2017 Alarm deactivated for 60 seconds.
Sa 22. Jul 17:17:16 CEST 2017 Alarm deactivated for 120 seconds.
Sa 22. Jul 17:17:37 CEST 2017 Alarm deactivated for 240 seconds.
Sa 22. Jul 17:18:15 CEST 2017 Alarm activated!
So 23. Jul 06:05:25 CEST 2017 Door opened.
So 23. Jul 06:05:25 CEST 2017 Alarm countdown initiated!
So 23. Jul 06:05:29 CEST 2017 Door closed.
So 23. Jul 06:05:46 CEST 2017 Alarm deactivated for 30 seconds.
So 23. Jul 06:06:21 CEST 2017 Alarm activated!
So 23. Jul 19:12:41 CEST 2017 Alarm countdown initiated!
So 23. Jul 19:12:41 CEST 2017 Door opened.
So 23. Jul 19:12:46 CEST 2017 Door closed.
So 23. Jul 19:12:53 CEST 2017 Alarm deactivated for 30 seconds.
So 23. Jul 19:13:14 CEST 2017 Door opened.
So 23. Jul 19:13:19 CEST 2017 Door closed.
So 23. Jul 19:13:28 CEST 2017 Alarm activated!
So 23. Jul 19:14:10 CEST 2017 Alarm deactivated for 30 seconds.
So 23. Jul 19:14:17 CEST 2017 Door opened.
So 23. Jul 19:14:22 CEST 2017 Door closed.
So 23. Jul 19:14:45 CEST 2017 Alarm activated!
